update-alternatives 2021-03-23 05:26:27: run with --quiet --install /usr/bin/awk awk /usr/bin/mawk 5 --slave /usr/share/man/man1/awk.1.gz awk.1.gz /usr/share/man/man1/mawk.1.gz --slave /usr/bin/nawk nawk /usr/bin/mawk --slave /usr/share/man/man1/nawk.1.gz nawk.1.gz /usr/share/man/man1/mawk.1.gz
update-alternatives 2021-03-23 05:26:27: link group awk updated to point to /usr/bin/mawk
update-alternatives 2021-03-23 05:26:34: run with --quiet --install /usr/bin/awk awk /usr/bin/mawk 5 --slave /usr/share/man/man1/awk.1.gz awk.1.gz /usr/share/man/man1/mawk.1.gz --slave /usr/bin/nawk nawk /usr/bin/mawk --slave /usr/share/man/man1/nawk.1.gz nawk.1.gz /usr/share/man/man1/mawk.1.gz
update-alternatives 2021-03-23 05:26:34: run with --install /usr/share/man/man7/builtins.7.gz builtins.7.gz /usr/share/man/man7/bash-builtins.7.gz 10
update-alternatives 2021-03-23 05:26:34: link group builtins.7.gz updated to point to /usr/share/man/man7/bash-builtins.7.gz
update-alternatives 2021-03-23 05:26:34: run with --install /usr/sbin/rmt rmt /usr/sbin/rmt-tar 50 --slave /usr/share/man/man8/rmt.8.gz rmt.8.gz /usr/share/man/man8/rmt-tar.8.gz
update-alternatives 2021-03-23 05:26:34: link group rmt updated to point to /usr/sbin/rmt-tar
update-alternatives 2021-03-23 05:26:35: run with --install /usr/bin/pager pager /bin/more 50 --slave /usr/share/man/man1/pager.1.gz pager.1.gz /usr/share/man/man1/more.1.gz
update-alternatives 2021-03-23 05:26:35: link group pager updated to point to /bin/more
update-alternatives 2021-03-23 05:26:35: run with --remove pager /usr/bin/pg
update-alternatives 2021-03-23 05:26:55: run with --install /usr/bin/w w /usr/bin/w.procps 50 --slave /usr/share/man/man1/w.1.gz w.1.gz /usr/share/man/man1/w.procps.1.gz
update-alternatives 2021-03-23 05:26:55: link group w updated to point to /usr/bin/w.procps
update-alternatives 2021-03-23 05:26:56: run with --install /usr/bin/vim vim /usr/bin/vim.basic 30
update-alternatives 2021-03-23 05:26:56: link group vim updated to point to /usr/bin/vim.basic
update-alternatives 2021-03-23 05:26:56: run with --install /usr/bin/vimdiff vimdiff /usr/bin/vim.basic 30
update-alternatives 2021-03-23 05:26:56: link group vimdiff updated to point to /usr/bin/vim.basic
update-alternatives 2021-03-23 05:26:56: run with --install /usr/bin/rvim rvim /usr/bin/vim.basic 30
update-alternatives 2021-03-23 05:26:56: link group rvim updated to point to /usr/bin/vim.basic
update-alternatives 2021-03-23 05:26:56: run with --install /usr/bin/rview rview /usr/bin/vim.basic 30
update-alternatives 2021-03-23 05:26:56: link group rview updated to point to /usr/bin/vim.basic
update-alternatives 2021-03-23 05:26:56: run with --install /usr/bin/vi vi /usr/bin/vim.basic 30 --slave /usr/share/man/da/man1/vi.1.gz vi.da.1.gz /usr/share/man/da/man1/vim.1.gz --slave /usr/share/man/de/man1/vi.1.gz vi.de.1.gz /usr/share/man/de/man1/vim.1.gz --slave /usr/share/man/fr/man1/vi.1.gz vi.fr.1.gz /usr/share/man/fr/man1/vim.1.gz --slave /usr/share/man/it/man1/vi.1.gz vi.it.1.gz /usr/share/man/it/man1/vim.1.gz --slave /usr/share/man/ja/man1/vi.1.gz vi.ja.1.gz /usr/share/man/ja/man1/vim.1.gz --slave /usr/share/man/pl/man1/vi.1.gz vi.pl.1.gz /usr/share/man/pl/man1/vim.1.gz --slave /usr/share/man/ru/man1/vi.1.gz vi.ru.1.gz /usr/share/man/ru/man1/vim.1.gz --slave /usr/share/man/man1/vi.1.gz vi.1.gz /usr/share/man/man1/vim.1.gz
update-alternatives 2021-03-23 05:26:56: link group vi updated to point to /usr/bin/vim.basic
update-alternatives 2021-03-23 05:26:56: run with --install /usr/bin/view view /usr/bin/vim.basic 30 --slave /usr/share/man/da/man1/view.1.gz view.da.1.gz /usr/share/man/da/man1/vim.1.gz --slave /usr/share/man/de/man1/view.1.gz view.de.1.gz /usr/share/man/de/man1/vim.1.gz --slave /usr/share/man/fr/man1/view.1.gz view.fr.1.gz /usr/share/man/fr/man1/vim.1.gz --slave /usr/share/man/it/man1/view.1.gz view.it.1.gz /usr/share/man/it/man1/vim.1.gz --slave /usr/share/man/ja/man1/view.1.gz view.ja.1.gz /usr/share/man/ja/man1/vim.1.gz --slave /usr/share/man/pl/man1/view.1.gz view.pl.1.gz /usr/share/man/pl/man1/vim.1.gz --slave /usr/share/man/ru/man1/view.1.gz view.ru.1.gz /usr/share/man/ru/man1/vim.1.gz --slave /usr/share/man/man1/view.1.gz view.1.gz /usr/share/man/man1/vim.1.gz
update-alternatives 2021-03-23 05:26:56: link group view updated to point to /usr/bin/vim.basic
update-alternatives 2021-03-23 05:26:56: run with --install /usr/bin/ex ex /usr/bin/vim.basic 30 --slave /usr/share/man/da/man1/ex.1.gz ex.da.1.gz /usr/share/man/da/man1/vim.1.gz --slave /usr/share/man/de/man1/ex.1.gz ex.de.1.gz /usr/share/man/de/man1/vim.1.gz --slave /usr/share/man/fr/man1/ex.1.gz ex.fr.1.gz /usr/share/man/fr/man1/vim.1.gz --slave /usr/share/man/it/man1/ex.1.gz ex.it.1.gz /usr/share/man/it/man1/vim.1.gz --slave /usr/share/man/ja/man1/ex.1.gz ex.ja.1.gz /usr/share/man/ja/man1/vim.1.gz --slave /usr/share/man/pl/man1/ex.1.gz ex.pl.1.gz /usr/share/man/pl/man1/vim.1.gz --slave /usr/share/man/ru/man1/ex.1.gz ex.ru.1.gz /usr/share/man/ru/man1/vim.1.gz --slave /usr/share/man/man1/ex.1.gz ex.1.gz /usr/share/man/man1/vim.1.gz
update-alternatives 2021-03-23 05:26:56: link group ex updated to point to /usr/bin/vim.basic
update-alternatives 2021-03-23 05:26:56: run with --install /usr/bin/editor editor /usr/bin/vim.basic 30 --slave /usr/share/man/da/man1/editor.1.gz editor.da.1.gz /usr/share/man/da/man1/vim.1.gz --slave /usr/share/man/de/man1/editor.1.gz editor.de.1.gz /usr/share/man/de/man1/vim.1.gz --slave /usr/share/man/fr/man1/editor.1.gz editor.fr.1.gz /usr/share/man/fr/man1/vim.1.gz --slave /usr/share/man/it/man1/editor.1.gz editor.it.1.gz /usr/share/man/it/man1/vim.1.gz --slave /usr/share/man/ja/man1/editor.1.gz editor.ja.1.gz /usr/share/man/ja/man1/vim.1.gz --slave /usr/share/man/pl/man1/editor.1.gz editor.pl.1.gz /usr/share/man/pl/man1/vim.1.gz --slave /usr/share/man/ru/man1/editor.1.gz editor.ru.1.gz /usr/share/man/ru/man1/vim.1.gz --slave /usr/share/man/man1/editor.1.gz editor.1.gz /usr/share/man/man1/vim.1.gz
update-alternatives 2021-03-23 05:26:56: link group editor updated to point to /usr/bin/vim.basic
update-alternatives 2021-03-23 05:26:56: run with --quiet --install /usr/bin/rsh rsh /usr/bin/ssh 20 --slave /usr/share/man/man1/rsh.1.gz rsh.1.gz /usr/share/man/man1/ssh.1.gz
update-alternatives 2021-03-23 05:26:56: link group rsh updated to point to /usr/bin/ssh
update-alternatives 2021-03-23 05:26:56: run with --quiet --install /usr/bin/rlogin rlogin /usr/bin/slogin 20 --slave /usr/share/man/man1/rlogin.1.gz rlogin.1.gz /usr/share/man/man1/slogin.1.gz
update-alternatives 2021-03-23 05:26:56: link group rlogin updated to point to /usr/bin/slogin
update-alternatives 2021-03-23 05:26:56: run with --quiet --install /usr/bin/rcp rcp /usr/bin/scp 20 --slave /usr/share/man/man1/rcp.1.gz rcp.1.gz /usr/share/man/man1/scp.1.gz
update-alternatives 2021-03-23 05:26:56: link group rcp updated to point to /usr/bin/scp
update-alternatives 2021-03-23 23:44:09: run with --quiet --install /usr/bin/pager pager /bin/less 77 --slave /usr/share/man/man1/pager.1.gz pager.1.gz /usr/share/man/man1/less.1.gz
update-alternatives 2021-03-23 23:44:09: link group pager updated to point to /bin/less
update-alternatives 2021-03-23 23:44:09: run with --quiet --remove pager /usr/bin/less
update-alternatives 2021-03-23 23:44:09: run with --quiet --install /usr/bin/pager pager /bin/less 77 --slave /usr/share/man/man1/pager.1.gz pager.1.gz /usr/share/man/man1/less.1.gz
update-alternatives 2021-03-23 23:44:09: run with --quiet --remove pager /usr/bin/less
update-alternatives 2021-03-23 23:44:10: run with --install /usr/bin/lzma lzma /usr/bin/xz 20 --slave /usr/share/man/man1/lzma.1.gz lzma.1.gz /usr/share/man/man1/xz.1.gz --slave /usr/bin/unlzma unlzma /usr/bin/unxz --slave /usr/share/man/man1/unlzma.1.gz unlzma.1.gz /usr/share/man/man1/unxz.1.gz --slave /usr/bin/lzcat lzcat /usr/bin/xzcat --slave /usr/share/man/man1/lzcat.1.gz lzcat.1.gz /usr/share/man/man1/xzcat.1.gz --slave /usr/bin/lzmore lzmore /usr/bin/xzmore --slave /usr/share/man/man1/lzmore.1.gz lzmore.1.gz /usr/share/man/man1/xzmore.1.gz --slave /usr/bin/lzless lzless /usr/bin/xzless --slave /usr/share/man/man1/lzless.1.gz lzless.1.gz /usr/share/man/man1/xzless.1.gz --slave /usr/bin/lzdiff lzdiff /usr/bin/xzdiff --slave /usr/share/man/man1/lzdiff.1.gz lzdiff.1.gz /usr/share/man/man1/xzdiff.1.gz --slave /usr/bin/lzcmp lzcmp /usr/bin/xzcmp --slave /usr/share/man/man1/lzcmp.1.gz lzcmp.1.gz /usr/share/man/man1/xzcmp.1.gz --slave /usr/bin/lzgrep lzgrep /usr/bin/xzgrep --slave /usr/share/man/man1/lzgrep.1.gz lzgrep.1.gz /usr/share/man/man1/xzgrep.1.gz --slave /usr/bin/lzegrep lzegrep /usr/bin/xzegrep --slave /usr/share/man/man1/lzegrep.1.gz lzegrep.1.gz /usr/share/man/man1/xzegrep.1.gz --slave /usr/bin/lzfgrep lzfgrep /usr/bin/xzfgrep --slave /usr/share/man/man1/lzfgrep.1.gz lzfgrep.1.gz /usr/share/man/man1/xzfgrep.1.gz
update-alternatives 2021-03-23 23:44:10: link group lzma updated to point to /usr/bin/xz
update-alternatives 2021-03-23 23:44:11: run with --install /usr/bin/write write /usr/bin/bsd-write 100 --slave /usr/share/man/man1/write.1.gz write.1.gz /usr/share/man/man1/bsd-write.1.gz
update-alternatives 2021-03-23 23:44:11: link group write updated to point to /usr/bin/bsd-write
update-alternatives 2021-03-23 23:44:11: run with --install /usr/bin/from from /usr/bin/bsd-from 10 --slave /usr/share/man/man1/from.1.gz from.1.gz /usr/share/man/man1/bsd-from.1.gz
update-alternatives 2021-03-23 23:44:11: link group from updated to point to /usr/bin/bsd-from
update-alternatives 2021-03-23 23:44:12: run with --quiet --install /usr/bin/pinentry pinentry /usr/bin/pinentry-curses 50 --slave /usr/share/man/man1/pinentry.1.gz pinentry.1.gz /usr/share/man/man1/pinentry-curses.1.gz
update-alternatives 2021-03-23 23:44:12: link group pinentry updated to point to /usr/bin/pinentry-curses
update-alternatives 2021-03-23 23:44:15: run with --quiet --install /lib/cpp cpp /usr/bin/cpp 10
update-alternatives 2021-03-23 23:44:15: link group cpp updated to point to /usr/bin/cpp
update-alternatives 2021-03-23 23:44:16: run with --install /usr/sbin/iptables iptables /usr/sbin/iptables-legacy 10 --slave /usr/sbin/iptables-restore iptables-restore /usr/sbin/iptables-legacy-restore --slave /usr/sbin/iptables-save iptables-save /usr/sbin/iptables-legacy-save
update-alternatives 2021-03-23 23:44:16: link group iptables updated to point to /usr/sbin/iptables-legacy
update-alternatives 2021-03-23 23:44:16: run with --install /usr/sbin/ip6tables ip6tables /usr/sbin/ip6tables-legacy 10 --slave /usr/sbin/ip6tables-restore ip6tables-restore /usr/sbin/ip6tables-legacy-restore --slave /usr/sbin/ip6tables-save ip6tables-save /usr/sbin/ip6tables-legacy-save
update-alternatives 2021-03-23 23:44:16: link group ip6tables updated to point to /usr/sbin/ip6tables-legacy
update-alternatives 2021-03-23 23:44:16: run with --install /usr/sbin/iptables iptables /usr/sbin/iptables-nft 20 --slave /usr/sbin/iptables-restore iptables-restore /usr/sbin/iptables-nft-restore --slave /usr/sbin/iptables-save iptables-save /usr/sbin/iptables-nft-save
update-alternatives 2021-03-23 23:44:16: link group iptables updated to point to /usr/sbin/iptables-nft
update-alternatives 2021-03-23 23:44:16: run with --install /usr/sbin/ip6tables ip6tables /usr/sbin/ip6tables-nft 20 --slave /usr/sbin/ip6tables-restore ip6tables-restore /usr/sbin/ip6tables-nft-restore --slave /usr/sbin/ip6tables-save ip6tables-save /usr/sbin/ip6tables-nft-save
update-alternatives 2021-03-23 23:44:16: link group ip6tables updated to point to /usr/sbin/ip6tables-nft
update-alternatives 2021-03-23 23:44:17: run with --install /usr/sbin/arptables arptables /usr/sbin/arptables-nft 20 --slave /usr/sbin/arptables-restore arptables-restore /usr/sbin/arptables-nft-restore --slave /usr/sbin/arptables-save arptables-save /usr/sbin/arptables-nft-save
update-alternatives 2021-03-23 23:44:17: link group arptables updated to point to /usr/sbin/arptables-nft
update-alternatives 2021-03-23 23:44:17: run with --install /usr/sbin/ebtables ebtables /usr/sbin/ebtables-nft 20 --slave /usr/sbin/ebtables-restore ebtables-restore /usr/sbin/ebtables-nft-restore --slave /usr/sbin/ebtables-save ebtables-save /usr/sbin/ebtables-nft-save
update-alternatives 2021-03-23 23:44:17: link group ebtables updated to point to /usr/sbin/ebtables-nft
update-alternatives 2021-03-23 23:44:36: run with --install /usr/bin/x-www-browser x-www-browser /usr/bin/garcon-url-handler 200
update-alternatives 2021-03-23 23:44:36: link group x-www-browser updated to point to /usr/bin/garcon-url-handler
update-alternatives 2021-03-23 23:44:36: run with --install /usr/bin/www-browser www-browser /usr/bin/garcon-url-handler 200
update-alternatives 2021-03-23 23:44:36: link group www-browser updated to point to /usr/bin/garcon-url-handler
update-alternatives 2021-03-23 23:44:36: run with --install /usr/bin/gnome-www-browser gnome-www-browser /usr/bin/garcon-url-handler 200
update-alternatives 2021-03-23 23:44:36: link group gnome-www-browser updated to point to /usr/bin/garcon-url-handler
update-alternatives 2021-03-23 23:44:36: run with --install /usr/bin/x-terminal-emulator x-terminal-emulator /usr/bin/garcon-terminal-handler 200
update-alternatives 2021-03-23 23:44:36: link group x-terminal-emulator updated to point to /usr/bin/garcon-terminal-handler
update-alternatives 2021-03-23 23:44:39: run with --install /usr/share/icons/default/index.theme x-cursor-theme /usr/share/icons/Adwaita/cursor.theme 90
update-alternatives 2021-03-23 23:44:39: link group x-cursor-theme updated to point to /usr/share/icons/Adwaita/cursor.theme
update-alternatives 2021-03-23 23:44:40: run with --install /usr/bin/sommelier sommelier /opt/google/cros-containers/bin/sommelier 1
update-alternatives 2021-03-23 23:44:40: link group sommelier updated to point to /opt/google/cros-containers/bin/sommelier
update-alternatives 2021-03-23 23:44:40: run with --install /usr/lib64/dri/swrast_dri.so swrast_dri /opt/google/cros-containers/lib/swrast_dri.so 1
update-alternatives 2021-03-23 23:44:40: link group swrast_dri updated to point to /opt/google/cros-containers/lib/swrast_dri.so
update-alternatives 2021-03-23 23:44:40: run with --install /usr/lib64/dri/virtio_gpu_dri.so virtio_gpu_dri /opt/google/cros-containers/lib/virtio_gpu_dri.so 1
update-alternatives 2021-03-23 23:44:40: link group virtio_gpu_dri updated to point to /opt/google/cros-containers/lib/virtio_gpu_dri.so
update-alternatives 2021-08-17 17:30:26: run with --quiet --install /usr/bin/locate locate /usr/bin/locate.findutils 20 --slave /usr/share/man/man1/locate.1.gz locate.1.gz /usr/share/man/man1/locate.findutils.1.gz --slave /usr/bin/updatedb updatedb /usr/bin/updatedb.findutils --slave /usr/share/man/man1/updatedb.1.gz updatedb.1.gz /usr/share/man/man1/updatedb.findutils.1.gz
update-alternatives 2021-08-17 17:30:26: link group locate updated to point to /usr/bin/locate.findutils
update-alternatives 2021-08-19 19:00:00: run with --install /usr/bin/editor editor /bin/nano 40 --slave /usr/share/man/man1/editor.1.gz editor.1.gz /usr/share/man/man1/nano.1.gz
update-alternatives 2021-08-19 19:00:00: link group editor updated to point to /bin/nano
update-alternatives 2021-08-19 19:00:00: run with --install /usr/bin/pico pico /bin/nano 10 --slave /usr/share/man/man1/pico.1.gz pico.1.gz /usr/share/man/man1/nano.1.gz
update-alternatives 2021-08-19 19:00:00: link group pico updated to point to /bin/nano
update-alternatives 2021-08-21 19:21:00: run with --install /usr/bin/fakeroot fakeroot /usr/bin/fakeroot-sysv 50 --slave /usr/share/man/man1/fakeroot.1.gz fakeroot.1.gz /usr/share/man/man1/fakeroot-sysv.1.gz --slave /usr/share/man/man1/faked.1.gz faked.1.gz /usr/share/man/man1/faked-sysv.1.gz --slave /usr/share/man/es/man1/fakeroot.1.gz fakeroot.es.1.gz /usr/share/man/es/man1/fakeroot-sysv.1.gz --slave /usr/share/man/es/man1/faked.1.gz faked.es.1.gz /usr/share/man/es/man1/faked-sysv.1.gz --slave /usr/share/man/fr/man1/fakeroot.1.gz fakeroot.fr.1.gz /usr/share/man/fr/man1/fakeroot-sysv.1.gz --slave /usr/share/man/fr/man1/faked.1.gz faked.fr.1.gz /usr/share/man/fr/man1/faked-sysv.1.gz --slave /usr/share/man/sv/man1/fakeroot.1.gz fakeroot.sv.1.gz /usr/share/man/sv/man1/fakeroot-sysv.1.gz --slave /usr/share/man/sv/man1/faked.1.gz faked.sv.1.gz /usr/share/man/sv/man1/faked-sysv.1.gz
update-alternatives 2021-08-21 19:21:00: link group fakeroot updated to point to /usr/bin/fakeroot-sysv
update-alternatives 2021-08-21 19:21:00: run with --install /usr/bin/fakeroot fakeroot /usr/bin/fakeroot-tcp 30 --slave /usr/share/man/man1/fakeroot.1.gz fakeroot.1.gz /usr/share/man/man1/fakeroot-tcp.1.gz --slave /usr/share/man/man1/faked.1.gz faked.1.gz /usr/share/man/man1/faked-tcp.1.gz --slave /usr/share/man/es/man1/fakeroot.1.gz fakeroot.es.1.gz /usr/share/man/es/man1/fakeroot-tcp.1.gz --slave /usr/share/man/es/man1/faked.1.gz faked.es.1.gz /usr/share/man/es/man1/faked-tcp.1.gz --slave /usr/share/man/fr/man1/fakeroot.1.gz fakeroot.fr.1.gz /usr/share/man/fr/man1/fakeroot-tcp.1.gz --slave /usr/share/man/fr/man1/faked.1.gz faked.fr.1.gz /usr/share/man/fr/man1/faked-tcp.1.gz --slave /usr/share/man/sv/man1/fakeroot.1.gz fakeroot.sv.1.gz /usr/share/man/sv/man1/fakeroot-tcp.1.gz --slave /usr/share/man/sv/man1/faked.1.gz faked.sv.1.gz /usr/share/man/sv/man1/faked-tcp.1.gz
update-alternatives 2021-08-21 19:21:31: run with --quiet --install /usr/bin/cc cc /usr/bin/gcc 20
update-alternatives 2021-08-21 19:21:31: link group cc updated to point to /usr/bin/gcc
update-alternatives 2021-08-21 19:21:31: run with --quiet --install /usr/bin/c89 c89 /usr/bin/c89-gcc 20 --slave /usr/share/man/man1/c89.1.gz c89.1.gz /usr/share/man/man1/c89-gcc.1.gz
update-alternatives 2021-08-21 19:21:31: link group c89 updated to point to /usr/bin/c89-gcc
update-alternatives 2021-08-21 19:21:31: run with --quiet --install /usr/bin/c99 c99 /usr/bin/c99-gcc 20 --slave /usr/share/man/man1/c99.1.gz c99.1.gz /usr/share/man/man1/c99-gcc.1.gz
update-alternatives 2021-08-21 19:21:31: link group c99 updated to point to /usr/bin/c99-gcc
update-alternatives 2021-08-21 19:21:42: run with --install /usr/bin/c++ c++ /usr/bin/g++ 20
update-alternatives 2021-08-21 19:21:42: link group c++ updated to point to /usr/bin/g++
update-alternatives 2021-08-22 03:20:52: run with --install /bin/csh csh /bin/tcsh 20 --slave /usr/share/man/man1/csh.1.gz csh.1.gz /usr/share/man/man1/tcsh.1.gz
update-alternatives 2021-08-22 03:20:52: link group csh updated to point to /bin/tcsh
update-alternatives 2021-08-24 04:12:56: run with --install /usr/bin/traceroute traceroute /usr/bin/traceroute.db 100 --slave /usr/sbin/traceroute traceroute.sbin /usr/bin/traceroute.db --slave /usr/share/man/man1/traceroute.1.gz traceroute.1.gz /usr/share/man/man1/traceroute.db.1.gz
update-alternatives 2021-08-24 04:12:56: link group traceroute updated to point to /usr/bin/traceroute.db
update-alternatives 2021-08-24 04:12:56: run with --install /usr/bin/traceroute6 traceroute6 /usr/bin/traceroute6.db 100 --slave /usr/share/man/man1/traceroute6.1.gz traceroute6.1.gz /usr/share/man/man1/traceroute6.db.1.gz
update-alternatives 2021-08-24 04:12:56: link group traceroute6 updated to point to /usr/bin/traceroute6.db
update-alternatives 2021-08-24 04:12:56: run with --install /usr/bin/lft lft /usr/bin/lft.db 100 --slave /usr/share/man/man1/lft.1.gz lft.1.gz /usr/share/man/man1/lft.db.1.gz
update-alternatives 2021-08-24 04:12:56: link group lft updated to point to /usr/bin/lft.db
update-alternatives 2021-08-24 04:12:56: run with --install /usr/bin/traceproto traceproto /usr/bin/traceproto.db 100 --slave /usr/share/man/man1/traceproto.1.gz traceproto.1.gz /usr/share/man/man1/traceproto.db.1.gz
update-alternatives 2021-08-24 04:12:56: link group traceproto updated to point to /usr/bin/traceproto.db
update-alternatives 2021-08-24 04:12:56: run with --install /usr/sbin/tcptraceroute tcptraceroute /usr/sbin/tcptraceroute.db 100 --slave /usr/share/man/man8/tcptraceroute.8.gz tcptraceroute.8.gz /usr/share/man/man8/tcptraceroute.db.8.gz
update-alternatives 2021-08-24 04:12:56: link group tcptraceroute updated to point to /usr/sbin/tcptraceroute.db
update-alternatives 2021-08-24 04:12:58: run with --install /usr/bin/cymruwhois cymruwhois /usr/bin/python3-cymruwhois 200 --slave /usr/share/man/man1/cymruwhois.1.gz cymruwhois.1.gz /usr/share/man/man1/python3-cymruwhois.1.gz
update-alternatives 2021-08-24 04:12:58: link group cymruwhois updated to point to /usr/bin/python3-cymruwhois
update-alternatives 2021-08-25 07:36:34: run with --install /usr/bin/js js /usr/bin/nodejs 200 --slave /usr/share/man/man1/js.1.gz js.1.gz /usr/share/man/man1/nodejs.1.gz
update-alternatives 2021-08-25 07:36:34: link group js updated to point to /usr/bin/nodejs
update-alternatives 2021-08-29 12:58:38: run with --install /usr/bin/telnet telnet /usr/bin/telnet.netkit 100 --slave /usr/share/man/man1/telnet.1.gz telnet.1.gz /usr/share/man/man1/telnet.netkit.1.gz
update-alternatives 2021-08-29 12:58:38: link group telnet updated to point to /usr/bin/telnet.netkit
update-alternatives 2021-09-03 12:01:30: run with --install /usr/bin/www-browser www-browser /usr/bin/lynx 40 --slave /usr/share/man/man1/www-browser.1.gz www-browser.1.gz /usr/share/man/man1/lynx.1.gz
update-alternatives 2021-09-03 12:13:13: run with --install /usr/bin/x-www-browser x-www-browser /usr/bin/firefox-esr 70 --slave /usr/share/man/man1/x-www-browser.1.gz x-www-browser.1.gz /usr/share/man/man1/firefox-esr.1.gz
update-alternatives 2021-09-03 12:13:13: run with --install /usr/bin/gnome-www-browser gnome-www-browser /usr/bin/firefox-esr 70 --slave /usr/share/man/man1/gnome-www-browser.1.gz gnome-www-browser.1.gz /usr/share/man/man1/firefox-esr.1.gz
