/usr/share/fonts: caching, new cache contents: 0 fonts, 2 dirs
/usr/share/fonts/X11: caching, new cache contents: 0 fonts, 3 dirs
/usr/share/fonts/X11/encodings: caching, new cache contents: 0 fonts, 1 dirs
/usr/share/fonts/X11/encodings/large: caching, new cache contents: 0 fonts, 0 dirs
/usr/share/fonts/X11/misc: caching, new cache contents: 89 fonts, 0 dirs
/usr/share/fonts/X11/util: caching, new cache contents: 0 fonts, 0 dirs
/usr/share/fonts/truetype: caching, new cache contents: 0 fonts, 3 dirs
/usr/share/fonts/truetype/croscore: caching, new cache contents: 12 fonts, 0 dirs
/usr/share/fonts/truetype/dejavu: caching, new cache contents: 6 fonts, 0 dirs
/usr/share/fonts/truetype/roboto: caching, new cache contents: 0 fonts, 1 dirs
/usr/share/fonts/truetype/roboto/unhinted: caching, new cache contents: 8 fonts, 1 dirs
/usr/share/fonts/truetype/roboto/unhinted/RobotoTTF: caching, new cache contents: 12 fonts, 0 dirs
/usr/X11R6/lib/X11/fonts: skipping, no such directory
/usr/local/share/fonts: caching, new cache contents: 0 fonts, 0 dirs
/mnt/chromeos/fonts: skipping, no such directory
/usr/share/fonts/X11: skipping, looped directory detected
/usr/share/fonts/truetype: skipping, looped directory detected
/usr/share/fonts/X11/encodings: skipping, looped directory detected
/usr/share/fonts/X11/misc: skipping, looped directory detected
/usr/share/fonts/X11/util: skipping, looped directory detected
/usr/share/fonts/truetype/croscore: skipping, looped directory detected
/usr/share/fonts/truetype/dejavu: skipping, looped directory detected
/usr/share/fonts/truetype/roboto: skipping, looped directory detected
/usr/share/fonts/X11/encodings/large: skipping, looped directory detected
/usr/share/fonts/truetype/roboto/unhinted: skipping, looped directory detected
/usr/share/fonts/truetype/roboto/unhinted/RobotoTTF: skipping, looped directory detected
/var/cache/fontconfig: cleaning cache directory
fc-cache: succeeded
