
Start-Date: 2021-03-23  05:26:45
Commandline: apt-get -y dist-upgrade
Upgrade: libzstd1:amd64 (1.3.8+dfsg-3, 1.3.8+dfsg-3+deb10u2)
End-Date: 2021-03-23  05:26:45

Start-Date: 2021-03-23  05:26:48
Commandline: apt-get -y install dialog ifupdown init iproute2 iputils-ping isc-dhcp-client locales netbase net-tools openssh-client procps vim
Install: libxdmcp6:amd64 (1:1.1.2-3, automatic), init:amd64 (1.56+nmu1), libdevmapper1.02.1:amd64 (2:1.02.155-3, automatic), dmsetup:amd64 (2:1.02.155-3, automatic), libkrb5-3:amd64 (1.17-3+deb10u1, automatic), libgssapi-krb5-2:amd64 (1.17-3+deb10u1, automatic), libdbus-1-3:amd64 (1.12.20-0+deb10u1, automatic), dialog:amd64 (1.3-20190211-1), ifupdown:amd64 (0.8.35), vim-common:amd64 (2:8.1.0875-5, automatic), libargon2-1:amd64 (0~20171227-0.2, automatic), dbus:amd64 (1.12.20-0+deb10u1, automatic), libkmod2:amd64 (26-1, automatic), libpam-cap:amd64 (1:2.25-2, automatic), libelf1:amd64 (0.176-1.1, automatic), libbsd0:amd64 (0.9.1-2, automatic), libncurses6:amd64 (6.1+20181013-2+deb10u2, automatic), netbase:amd64 (5.6), libk5crypto3:amd64 (1.17-3+deb10u1, automatic), locales:amd64 (2.28-10), procps:amd64 (2:3.3.15-2), isc-dhcp-common:amd64 (4.4.1-2, automatic), libisc-export1100:amd64 (1:9.11.5.P4+dfsg-5.1+deb10u3, automatic), libprocps7:amd64 (2:3.3.15-2, automatic), libx11-6:amd64 (2:1.6.7-1+deb10u1, automatic), libexpat1:amd64 (2.2.6-2+deb10u1, automatic), net-tools:amd64 (1.60+git20180626.aebd88e-1), libapparmor1:amd64 (2.13.2-10, automatic), krb5-locales:amd64 (1.17-3+deb10u1, automatic), libc-l10n:amd64 (2.28-10, automatic), libxau6:amd64 (1:1.0.8-1+b2, automatic), psmisc:amd64 (23.2-1, automatic), libxcb1:amd64 (1.13.1-2, automatic), libatm1:amd64 (1:2.5.1-2, automatic), libkrb5support0:amd64 (1.17-3+deb10u1, automatic), libcap2:amd64 (1:2.25-2, automatic), systemd-sysv:amd64 (241-7~deb10u6, automatic), libcap2-bin:amd64 (1:2.25-2, automatic), libkeyutils1:amd64 (1.6-6, automatic), libxmuu1:amd64 (2:1.1.2-2+b3, automatic), vim-runtime:amd64 (2:8.1.0875-5, automatic), vim:amd64 (2:8.1.0875-5), libpam-systemd:amd64 (241-7~deb10u6, automatic), systemd:amd64 (241-7~deb10u6, automatic), xxd:amd64 (2:8.1.0875-5, automatic), libx11-data:amd64 (2:1.6.7-1+deb10u1, automatic), iproute2:amd64 (4.20.0-2+deb10u1), openssh-client:amd64 (1:7.9p1-10+deb10u2), libdns-export1104:amd64 (1:9.11.5.P4+dfsg-5.1+deb10u3, automatic), iputils-ping:amd64 (3:20180629-2+deb10u1), libnss-systemd:amd64 (241-7~deb10u6, automatic), libgpm2:amd64 (1.20.7-5, automatic), libxtables12:amd64 (1.8.2-4, automatic), libidn11:amd64 (1.33-2.2, automatic), libedit2:amd64 (3.1-20181209-1, automatic), xauth:amd64 (1:1.0.10-1, automatic), lsb-base:amd64 (10.2019051400, automatic), libcryptsetup12:amd64 (2:2.1.0-5+deb10u2, automatic), libssl1.1:amd64 (1.1.1d-0+deb10u5, automatic), libjson-c3:amd64 (0.12.1+ds-2+deb10u1, automatic), isc-dhcp-client:amd64 (4.4.1-2), libip4tc0:amd64 (1.8.2-4, automatic), libmnl0:amd64 (1.0.4-2, automatic), libxext6:amd64 (2:1.3.3-1+b2, automatic)
End-Date: 2021-03-23  05:26:57

Start-Date: 2021-03-23  23:43:19
Commandline: apt-get -q -y install apt-transport-https ca-certificates
Install: openssl:amd64 (1.1.1d-0+deb10u5, automatic), ca-certificates:amd64 (20200601~deb10u2), apt-transport-https:amd64 (1.8.2.2)
End-Date: 2021-03-23  23:43:21

Start-Date: 2021-03-23  23:43:24
Commandline: apt-get -q -y --no-install-recommends install python3
Install: libpython3.7-minimal:amd64 (3.7.3-2+deb10u2, automatic), libsqlite3-0:amd64 (3.27.2-3+deb10u1, automatic), python3.7:amd64 (3.7.3-2+deb10u2, automatic), python3:amd64 (3.7.3-1), mime-support:amd64 (3.62, automatic), readline-common:amd64 (7.0-5, automatic), libmpdec2:amd64 (2.4.2-2, automatic), libpython3.7-stdlib:amd64 (3.7.3-2+deb10u2, automatic), python3.7-minimal:amd64 (3.7.3-2+deb10u2, automatic), python3-minimal:amd64 (3.7.3-1, automatic), libpython3-stdlib:amd64 (3.7.3-1, automatic), libreadline7:amd64 (7.0-5, automatic)
End-Date: 2021-03-23  23:43:26

Start-Date: 2021-03-23  23:43:31
Commandline: apt-get -q -y --allow-unauthenticated install cros-guest-tools
Install: libmpc3:amd64 (1.1.0-1, automatic), libjson-glib-1.0-0:amd64 (1.4.4-2, automatic), libx265-165:amd64 (2.9-4, automatic), libpolkit-gobject-1-0:amd64 (0.105-25, automatic), libsoup-gnome2.4-1:amd64 (2.64.2-2, automatic), libhttp-daemon-perl:amd64 (6.01-3, automatic), libssh2-1:amd64 (1.8.0-2.1, automatic), libcroco3:amd64 (0.6.12-3, automatic), libwebp6:amd64 (0.6.1-2, automatic), libusb-1.0-0:amd64 (2:1.0.22-2, automatic), libhttp-message-perl:amd64 (6.18-1, automatic), qt5-style-plugins:amd64 (5.0.0+git23.g335dbec-2+b17, automatic), fuse:amd64 (2.9.9-1+deb10u1, automatic), libsnappy1v5:amd64 (1.1.7-1, automatic), libopenjp2-7:amd64 (2.3.0-2+deb10u1, automatic), libpangoft2-1.0-0:amd64 (1.42.4-8~deb10u1, automatic), dbus-x11:amd64 (1.12.20-0+deb10u1, automatic), libwww-robotrules-perl:amd64 (6.02-1, automatic), libnghttp2-14:amd64 (1.36.0-2+deb10u1, automatic), libpackagekit-glib2-18:amd64 (1.1.12-5, automatic), glib-networking-services:amd64 (2.58.0-2+deb10u2, automatic), libencode-locale-perl:amd64 (1.05-1, automatic), libqt5svg5:amd64 (5.11.3-2, automatic), libfontenc1:amd64 (1:1.1.3-1+b2, automatic), libxcb-icccm4:amd64 (0.4.1-1.1, automatic), libcups2:amd64 (2.2.10-6+deb10u4, automatic), libwayland-egl1:amd64 (1.16.0-1, automatic), publicsuffix:amd64 (20190415.1030-1, automatic), iptables:amd64 (1.8.2-4, automatic), libauthen-sasl-perl:amd64 (2.1600-1, automatic), libdrm-nouveau2:amd64 (2.4.99-1-cros0, automatic), gnupg-utils:amd64 (2.2.12-1+deb10u1, automatic), cros-garcon:amd64 (0.24, automatic), libfile-basedir-perl:amd64 (0.08-1, automatic), libsasl2-modules-db:amd64 (2.1.27+dfsg-1+deb10u1, automatic), libnet-ssleay-perl:amd64 (1.85-2+b1, automatic), libxcb-xfixes0:amd64 (1.13.1-2, automatic), libwacom-common:amd64 (0.32-1, automatic), libcurl4:amd64 (7.64.0-4+deb10u1, automatic), libhtml-form-perl:amd64 (6.03-1, automatic), libgtk2.0-bin:amd64 (2.24.32-3, automatic), libapt-inst2.0:amd64 (1.8.2.2, automatic), gpg-wks-client:amd64 (2.2.12-1+deb10u1, automatic), libldap-2.4-2:amd64 (2.4.47+dfsg-3+deb10u6, automatic), libmpfr6:amd64 (4.0.2-1, automatic), libegl1:amd64 (1.1.0-1, automatic), libdata-dump-perl:amd64 (1.23-1, automatic), qt5-gtk-platformtheme:amd64 (5.11.3+dfsg1-1+deb10u4, automatic), libllvm7:amd64 (1:7.0.1-8+deb10u2, automatic), libcrystalhd3:amd64 (1:0.0~git20110715.fdd2f19-13, automatic), gnupg-l10n:amd64 (2.2.12-1+deb10u1, automatic), libgdk-pixbuf2.0-0:amd64 (2.38.1+dfsg-1, automatic), libproxy1v5:amd64 (0.4.15-5+deb10u1, automatic), liblcms2-2:amd64 (2.9-3, automatic), libegl-mesa0:amd64 (19.2.8~cros1, automatic), dconf-service:amd64 (0.30.1-2, automatic), libcairo-gobject2:amd64 (1.16.0-4+deb10u1, automatic), va-driver-all:amd64 (2.4.0-1, automatic), libswresample3:amd64 (7:4.1.6-1~deb10u1, automatic), libtry-tiny-perl:amd64 (0.30-1, automatic), git-man:amd64 (1:2.20.1-2+deb10u3, automatic), nftables:amd64 (0.9.0-2, automatic), libfile-desktopentry-perl:amd64 (0.22-1, automatic), libpulsedsp:amd64 (12.2-4+deb10u1, automatic), glib-networking:amd64 (2.58.0-2+deb10u2, automatic), libgtk-3-common:amd64 (3.24.5-1, automatic), xdg-user-dirs:amd64 (0.17-2, automatic), libhttp-negotiate-perl:amd64 (6.01-1, automatic), libpciaccess0:amd64 (0.14-1, automatic), libxcb-present0:amd64 (1.13.1-2, automatic), libgtk-3-0:amd64 (3.24.5-1, automatic), libksba8:amd64 (1.3.5-2, automatic), libgl1:amd64 (1.1.0-1, automatic), pulseaudio:amd64 (12.2-4+deb10u1, automatic), libipc-system-simple-perl:amd64 (1.25-4, automatic), cpp-8:amd64 (8.3.0-6, automatic), libglapi-mesa:amd64 (19.2.8~cros1, automatic), libpsl5:amd64 (0.20.2-2, automatic), libpixman-1-0:amd64 (0.36.0-1, automatic), libasound2-data:amd64 (1.1.8-1, automatic), rtkit:amd64 (0.11-6, automatic), liborc-0.4-0:amd64 (1:0.4.28-3.1, automatic), librsvg2-common:amd64 (2.44.10-2.1, automatic), libxrender1:amd64 (1:0.9.10-1, automatic), libicu63:amd64 (63.1-6+deb10u1, automatic), cros-sftp:amd64 (0.15, automatic), cpp:amd64 (4:8.3.0-1, automatic), bsdmainutils:amd64 (11.1.2+b1, automatic), libogg0:amd64 (1.3.2-1+b1, automatic), libxcb-render-util0:amd64 (0.3.9-1+b1, automatic), libwrap0:amd64 (7.6.q-28, automatic), cros-adapta:amd64 (0.3, automatic), libavahi-common-data:amd64 (0.7-4+b1, automatic), at-spi2-core:amd64 (2.30.0-7, automatic), libhttp-date-perl:amd64 (6.02-1, automatic), dconf-gsettings-backend:amd64 (0.30.1-2, automatic), libgail-common:amd64 (2.24.32-3, automatic), perl-modules-5.28:amd64 (5.28.1-6+deb10u1, automatic), libavahi-common3:amd64 (0.7-4+b1, automatic), libxcb-util0:amd64 (0.3.8-3+b2, automatic), liblwp-mediatypes-perl:amd64 (6.02-1, automatic), sudo:amd64 (1.8.27-1+deb10u3, automatic), libqt5dbus5:amd64 (5.11.3+dfsg1-1+deb10u4, automatic), libvdpau1:amd64 (1.1.1-10, automatic), libmp3lame0:amd64 (3.100-2+b1, automatic), libgtk2.0-0:amd64 (2.24.32-3, automatic), xfonts-utils:amd64 (1:7.7+6, automatic), gpg-wks-server:amd64 (2.2.12-1+deb10u1, automatic), libxcursor1:amd64 (1:1.1.15-2, automatic), libnuma1:amd64 (2.0.12-1, automatic), git:amd64 (1:2.20.1-2+deb10u3, automatic), openssh-sftp-server:amd64 (1:7.9p1-10+deb10u2, automatic), libthai-data:amd64 (0.1.28-2, automatic), libqt5widgets5:amd64 (5.11.3+dfsg1-1+deb10u4, automatic), gpg:amd64 (2.2.12-1+deb10u1, automatic), libpolkit-agent-1-0:amd64 (0.105-25, automatic), libmtdev1:amd64 (1.1.5-1+b1, automatic), libip6tc0:amd64 (1.8.2-4, automatic), udev:amd64 (241-7~deb10u6, automatic), libwacom-bin:amd64 (0.32-1, automatic), libxcb-shm0:amd64 (1.13.1-2, automatic), libepoxy0:amd64 (1.5.3-0.1, automatic), gsettings-desktop-schemas:amd64 (3.28.1-1, automatic), libsasl2-2:amd64 (2.1.27+dfsg-1+deb10u1, automatic), libnftnl11:amd64 (1.1.2-2, automatic), libxcb-randr0:amd64 (1.13.1-2, automatic), libgail18:amd64 (2.24.32-3, automatic), libxcb-render0:amd64 (1.13.1-2, automatic), cros-sudo-config:amd64 (0.11, automatic), libwww-perl:amd64 (6.36-2, automatic), libpipeline1:amd64 (1.5.1-2, automatic), xdg-utils:amd64 (1.1.3-1+deb10u1, automatic), libx11-protocol-perl:amd64 (0.56-7, automatic), libmagic1:amd64 (1:5.35-4+deb10u2, automatic), libio-html-perl:amd64 (1.001-1, automatic), xkb-data:amd64 (2.26-2, automatic), cros-sommelier-config:amd64 (0.14, automatic), libassuan0:amd64 (2.5.2-1, automatic), packagekit-tools:amd64 (1.1.12-5, automatic), libwavpack1:amd64 (5.1.0-6, automatic), libgudev-1.0-0:amd64 (232-2, automatic), fontconfig-config:amd64 (2.13.1-2, automatic), libnet-http-perl:amd64 (6.18-1, automatic), vdpau-driver-all:amd64 (1.1.1-10, automatic), libnftables0:amd64 (0.9.0-2, automatic), libopus0:amd64 (1.3-1, automatic), libisl19:amd64 (0.20-2, automatic), glib-networking-common:amd64 (2.58.0-2+deb10u2, automatic), libvpx5:amd64 (1.7.0-3+deb10u1, automatic), libnet-smtp-ssl-perl:amd64 (1.04-1, automatic), libsoup2.4-1:amd64 (2.64.2-2, automatic), cros-ui-config:amd64 (0.12, automatic), libio-socket-ssl-perl:amd64 (2.060-3, automatic), gtk2-engines-murrine:amd64 (0.98.2-2+deb10u1, automatic), libltdl7:amd64 (2.4.6-9, automatic), libgbm1:amd64 (19.2.8~cros1, automatic), libxshmfence1:amd64 (1.3-1, automatic), libaom0:amd64 (1.0.0-3, automatic), libxkbcommon-x11-0:amd64 (0.8.2-1, automatic), libsm6:amd64 (2:1.2.3-1, automatic), dirmngr:amd64 (2.2.12-1+deb10u1, automatic), cros-pulse-config:amd64 (0.2.0, automatic), libwayland-client0:amd64 (1.16.0-1, automatic), libperl5.28:amd64 (5.28.1-6+deb10u1, automatic), libiptc0:amd64 (1.8.2-4, automatic), libdrm-amdgpu1:amd64 (2.4.99-1-cros0, automatic), libinput-bin:amd64 (1.12.6-2+deb10u1, automatic), libnfnetlink0:amd64 (1.0.1-3+b1, automatic), libhtml-tagset-perl:amd64 (3.20-3, automatic), fontconfig:amd64 (2.13.1-2, automatic), libtiff5:amd64 (4.1.0+git191117-2~deb10u2, automatic), libqt5gui5:amd64 (5.11.3+dfsg1-1+deb10u4, automatic), groff-base:amd64 (1.22.4-3, automatic), libva2:amd64 (2.4.0-1, automatic), libfile-mimeinfo-perl:amd64 (0.29-1, automatic), cros-gpu:amd64 (10.6, automatic), cros-systemd-overrides:amd64 (0.11, automatic), libxaw7:amd64 (2:1.0.13-1+b2, automatic), libfile-listing-perl:amd64 (6.04-1, automatic), libatk1.0-0:amd64 (2.30.0-2, automatic), librtmp1:amd64 (2.4+20151223.gitfa8646d.1-2, automatic), libxcomposite1:amd64 (1:0.4.4-2, automatic), adwaita-icon-theme:amd64 (3.30.1-1, automatic), libx264-155:amd64 (2:0.155.2917+git0a84d98-2, automatic), libgtk-3-bin:amd64 (3.24.5-1, automatic), man-db:amd64 (2.8.5-2, automatic), libmagic-mgc:amd64 (1:5.35-4+deb10u2, automatic), libsasl2-modules:amd64 (2.1.27+dfsg-1+deb10u1, automatic), libpangocairo-1.0-0:amd64 (1.42.4-8~deb10u1, automatic), fonts-roboto:amd64 (2:0~20170802-3, automatic), libpulse0:amd64 (12.2-4+deb10u1, automatic), libxvidcore4:amd64 (2:1.3.5-1, automatic), libxcb-image0:amd64 (0.4.0-1+b2, automatic), liblwp-protocol-https-perl:amd64 (6.07-2, automatic), libxtst6:amd64 (2:1.2.3-1, automatic), libatspi2.0-0:amd64 (2.30.0-7, automatic), librsvg2-2:amd64 (2.44.10-2.1, automatic), libxi6:amd64 (2:1.7.9-1, automatic), gtk2-engines-pixbuf:amd64 (2.24.32-3, automatic), libzvbi0:amd64 (0.2.35-16, automatic), libxt6:amd64 (1:1.1.5-1+b3, automatic), libxv1:amd64 (2:1.0.11-1, automatic), libvorbisenc2:amd64 (1.3.6-2, automatic), libnet-dbus-perl:amd64 (1.1.0-5+b1, automatic), libfuse2:amd64 (2.9.9-1+deb10u1, automatic), libxinerama1:amd64 (2:1.1.4-2, automatic), cros-guest-tools:amd64 (0.29), libspeex1:amd64 (1.2~rc1.2-1+b2, automatic), libhtml-tree-perl:amd64 (5.07-2, automatic), libldap-common:amd64 (2.4.47+dfsg-3+deb10u6, automatic), libvdpau-va-gl1:amd64 (0.4.2-1+b1, automatic), libgdbm6:amd64 (1.18.1-4, automatic), libio-stringy-perl:amd64 (2.111-3, automatic), fonts-dejavu-core:amd64 (2.37-1, automatic), libjack-jackd2-0:amd64 (1.9.12~dfsg-2, automatic), libavcodec58:amd64 (7:4.1.6-1~deb10u1, automatic), libxcb-xinerama0:amd64 (1.13.1-2, automatic), libxml-twig-perl:amd64 (1:3.50-1.1, automatic), ucf:amd64 (3.0038+nmu1, automatic), libxcb-keysyms1:amd64 (0.4.0-1+b2, automatic), libglib2.0-bin:amd64 (2.58.3-2+deb10u2, automatic), libmailtools-perl:amd64 (2.18-1, automatic), cros-notificationd:amd64 (0.2, automatic), libxft2:amd64 (2.3.2-2, automatic), perl-openssl-defaults:amd64 (3, automatic), libnetfilter-conntrack3:amd64 (1.0.7-1, automatic), libpcre2-8-0:amd64 (10.32-5, automatic), libjson-glib-1.0-common:amd64 (1.4.4-2, automatic), libxrandr2:amd64 (2:1.5.1-1, automatic), libavutil56:amd64 (7:4.1.6-1~deb10u1, automatic), libtie-ixhash-perl:amd64 (1.23-2, automatic), libtheora0:amd64 (1.1.1+dfsg.1-15, automatic), libsndfile1:amd64 (1.0.28-6, automatic), xz-utils:amd64 (5.2.4-1, automatic), libdrm2:amd64 (2.4.99-1-cros0, automatic), ncurses-term:amd64 (6.1+20181013-2+deb10u2, automatic), libxcb-shape0:amd64 (1.13.1-2, automatic), libglx0:amd64 (1.1.0-1, automatic), packagekit:amd64 (1.1.12-5, automatic), libcolord2:amd64 (1.4.3-4, automatic), shared-mime-info:amd64 (1.10-1, automatic), libgomp1:amd64 (8.3.0-6, automatic), usb.ids:amd64 (2019.07.27-0+deb10u1, automatic), libqt5core5a:amd64 (5.11.3+dfsg1-1+deb10u4, automatic), libgdk-pixbuf2.0-bin:amd64 (2.38.1+dfsg-1, automatic), hicolor-icon-theme:amd64 (0.17-2, automatic), libfont-afm-perl:amd64 (1.20-2, automatic), libhttp-cookies-perl:amd64 (6.04-1, automatic), libxfixes3:amd64 (1:5.0.3-1, automatic), libthai0:amd64 (0.1.28-2, automatic), libsoxr0:amd64 (0.1.2-3, automatic), libpolkit-backend-1-0:amd64 (0.105-25, automatic), libwebpmux3:amd64 (0.6.1-2, automatic), libxxf86dga1:amd64 (2:1.1.4-1+b3, automatic), libfontconfig1:amd64 (2.13.1-2, automatic), openssh-server:amd64 (1:7.9p1-10+deb10u2, automatic), libasyncns0:amd64 (0.8-6, automatic), libgl1-mesa-dri:amd64 (19.2.8~cros1, automatic), libgdk-pixbuf2.0-common:amd64 (2.38.1+dfsg-1, automatic), unzip:amd64 (6.0-23+deb10u2, automatic), libspeexdsp1:amd64 (1.2~rc1.2-1+b2, automatic), libgtk2.0-common:amd64 (2.24.32-3, automatic), libtdb1:amd64 (1.3.16-2+b1, automatic), libigdgmm5:amd64 (18.4.1+ds1-1, automatic), bzip2:amd64 (1.0.6-9.2~deb10u1, automatic), libasound2:amd64 (1.1.8-1, automatic), usbutils:amd64 (1:010-3, automatic), libasound2-plugins:amd64 (1.1.8-1, automatic), x11-xserver-utils:amd64 (7.7+8, automatic), libgraphite2-3:amd64 (1.3.13-7, automatic), libxxf86vm1:amd64 (1:1.1.4-1+b2, automatic), libuchardet0:amd64 (0.0.6-3, automatic), libglib2.0-data:amd64 (2.58.3-2+deb10u2, automatic), libxdamage1:amd64 (1:1.1.4-3+b3, automatic), librest-0.7-0:amd64 (0.8.1-1, automatic), policykit-1:amd64 (0.105-25, automatic), libshine3:amd64 (3.1.1-2, automatic), libatk-bridge2.0-0:amd64 (2.30.0-5, automatic), libtimedate-perl:amd64 (2.3000-2+deb10u1, automatic), libjbig0:amd64 (2.1-3.1+b2, automatic), intel-media-va-driver:amd64 (18.4.1+dfsg1-1, automatic), libxml2:amd64 (2.9.4+dfsg1-7+deb10u1, automatic), file:amd64 (1:5.35-4+deb10u2, automatic), libxmu6:amd64 (2:1.1.2-2+b3, automatic), fonts-roboto-unhinted:amd64 (2:0~20170802-3, automatic), libflac8:amd64 (1.3.2-3, automatic), xfonts-base:amd64 (1:1.0.5, automatic), qttranslations5-l10n:amd64 (5.11.3-2, automatic), libdrm-intel1:amd64 (2.4.99-1-cros0, automatic), libwacom2:amd64 (0.32-1, automatic), libsensors-config:amd64 (1:3.5.0-3, automatic), libtwolame0:amd64 (0.3.13-4, automatic), libfreetype6:amd64 (2.9.1-3+deb10u2, automatic), libgsm1:amd64 (1.0.18-2, automatic), libva-x11-2:amd64 (2.4.0-1, automatic), perl:amd64 (5.28.1-6+deb10u1, automatic), fonts-croscore:amd64 (20181227-1, automatic), wget:amd64 (1.20.1-1.1, automatic), x11-common:amd64 (1:7.7+19, automatic), libappstream4:amd64 (0.12.5-1, automatic), gtk-update-icon-cache:amd64 (3.24.5-1, automatic), libdrm-radeon1:amd64 (2.4.99-1-cros0, automatic), libxml-parser-perl:amd64 (2.44-4, automatic), libva-drm2:amd64 (2.4.0-1, automatic), libxpm4:amd64 (1:3.5.12-1, automatic), dbus-user-session:amd64 (1.12.20-0+deb10u1, automatic), x11-utils:amd64 (7.7+4, automatic), mesa-vdpau-drivers:amd64 (19.2.8~cros1, automatic), cros-logging:amd64 (0.1, automatic), libvorbis0a:amd64 (1.3.6-2, automatic), libatk1.0-data:amd64 (2.30.0-2, automatic), libharfbuzz0b:amd64 (2.3.1-1, automatic), libqt5network5:amd64 (5.11.3+dfsg1-1+deb10u4, automatic), gnupg:amd64 (2.2.12-1+deb10u1, automatic), libjansson4:amd64 (2.12-1, automatic), cros-wayland:amd64 (0.10, automatic), libyaml-0-2:amd64 (0.2.1-1, automatic), libgdbm-compat4:amd64 (1.18.1-4, automatic), libice6:amd64 (2:1.0.9-2, automatic), i965-va-driver:amd64 (2.3.0+dfsg1-1, automatic), libstemmer0d:amd64 (0+svn585-1+b2, automatic), cros-apt-config:amd64 (0.20, automatic), xfonts-encodings:amd64 (1:1.0.4-2, automatic), libcairo2:amd64 (1.16.0-4+deb10u1, automatic), pinentry-curses:amd64 (1.1.0-2, automatic), libtext-iconv-perl:amd64 (1.7-5+b7, automatic), cros-sommelier:amd64 (0.27, automatic), libnpth0:amd64 (1.6-1, automatic), libavahi-client3:amd64 (0.7-4+b1, automatic), libxcb-glx0:amd64 (1.13.1-2, automatic), libzvbi-common:amd64 (0.2.35-16, automatic), pulseaudio-utils:amd64 (12.2-4+deb10u1, automatic), curl:amd64 (7.64.0-4+deb10u1, automatic), libpango-1.0-0:amd64 (1.42.4-8~deb10u1, automatic), libxss1:amd64 (1:1.2.3-1, automatic), desktop-file-utils:amd64 (0.23-4, automatic), libxcb-dri2-0:amd64 (1.13.1-2, automatic), libxkbcommon0:amd64 (0.8.2-1, automatic), dconf-cli:amd64 (0.30.1-2, automatic), patch:amd64 (2.7.6-3+deb10u1, automatic), libhtml-parser-perl:amd64 (3.72-3+b3, automatic), libpcre2-16-0:amd64 (10.32-5, automatic), libsensors5:amd64 (1:3.5.0-3, automatic), gpg-agent:amd64 (2.2.12-1+deb10u1, automatic), libgstreamer1.0-0:amd64 (1.14.4-1, automatic), liburi-perl:amd64 (1.76-1, automatic), libsamplerate0:amd64 (0.1.9-2, automatic), libxcb-dri3-0:amd64 (1.13.1-2, automatic), libglib2.0-0:amd64 (2.58.3-2+deb10u2, automatic), libdconf1:amd64 (0.30.1-2, automatic), libjpeg62-turbo:amd64 (1:1.5.2-2+deb10u1, automatic), libavresample4:amd64 (7:4.1.6-1~deb10u1, automatic), libcurl3-gnutls:amd64 (7.64.0-4+deb10u1, automatic), sensible-utils:amd64 (0.0.12, automatic), gpgconf:amd64 (2.2.12-1+deb10u1, automatic), cros-host-fonts:amd64 (0.1, automatic), libwayland-server0:amd64 (1.16.0-1, automatic), libxcb-xkb1:amd64 (1.13.1-2, automatic), less:amd64 (487-0.1+b1, automatic), libx11-xcb1:amd64 (2:1.6.7-1+deb10u1, automatic), libfribidi0:amd64 (1.0.5-3.1+deb10u1, automatic), libxcb-sync1:amd64 (1.13.1-2, automatic), libinput10:amd64 (1.12.6-2+deb10u1, automatic), mesa-va-drivers:amd64 (19.2.8~cros1, automatic), libcodec2-0.8.1:amd64 (0.8.1-2, automatic), gpgsm:amd64 (2.2.12-1+deb10u1, automatic), bash-completion:amd64 (1:2.8-6, automatic), libdouble-conversion1:amd64 (3.1.0-3, automatic), libdatrie1:amd64 (0.2.12-2, automatic), libxml-xpathengine-perl:amd64 (0.14-1, automatic), libglx-mesa0:amd64 (19.2.8~cros1, automatic), libglvnd0:amd64 (1.1.0-1, automatic), libwebrtc-audio-processing1:amd64 (0.3-1, automatic), libdrm-common:amd64 (2.4.99-1-cros0, automatic), libwayland-cursor0:amd64 (1.16.0-1, automatic), libhtml-format-perl:amd64 (2.12-1, automatic), liberror-perl:amd64 (0.17027-2, automatic), libpng16-16:amd64 (1.6.36-6, automatic), libevdev2:amd64 (1.6.0+dfsg-1, automatic)
End-Date: 2021-03-23  23:44:40

Start-Date: 2021-07-23  15:12:34
Commandline: packagekit role='update-packages'
Requested-By: adobrin (1000)
Upgrade: libsystemd0:amd64 (241-7~deb10u6, 241-7~deb10u8), udev:amd64 (241-7~deb10u6, 241-7~deb10u8), libudev1:amd64 (241-7~deb10u6, 241-7~deb10u8), systemd-sysv:amd64 (241-7~deb10u6, 241-7~deb10u8), libpam-systemd:amd64 (241-7~deb10u6, 241-7~deb10u8), systemd:amd64 (241-7~deb10u6, 241-7~deb10u8), libhogweed4:amd64 (3.4.1-1, 3.4.1-1+deb10u1), libnss-systemd:amd64 (241-7~deb10u6, 241-7~deb10u8), libnettle6:amd64 (3.4.1-1, 3.4.1-1+deb10u1)
End-Date: 2021-07-23  15:13:37

Start-Date: 2021-07-25  10:21:43
Commandline: packagekit role='update-packages'
Requested-By: adobrin (1000)
Upgrade: libkrb5-3:amd64 (1.17-3+deb10u1, 1.17-3+deb10u2), libgssapi-krb5-2:amd64 (1.17-3+deb10u1, 1.17-3+deb10u2), libk5crypto3:amd64 (1.17-3+deb10u1, 1.17-3+deb10u2), krb5-locales:amd64 (1.17-3+deb10u1, 1.17-3+deb10u2), libkrb5support0:amd64 (1.17-3+deb10u1, 1.17-3+deb10u2)
End-Date: 2021-07-25  10:21:52

Start-Date: 2021-07-31  10:33:16
Commandline: packagekit role='update-packages'
Requested-By: adobrin (1000)
Upgrade: libsndfile1:amd64 (1.0.28-6, 1.0.28-6+deb10u1)
End-Date: 2021-07-31  10:33:22

Start-Date: 2021-08-12  22:10:19
Commandline: apt install dnsutils
Requested-By: adobrin (1000)
Install: libisccfg163:amd64 (1:9.11.5.P4+dfsg-5.1+deb10u5, automatic), libfstrm0:amd64 (0.4.0-1, automatic), libirs161:amd64 (1:9.11.5.P4+dfsg-5.1+deb10u5, automatic), bind9-host:amd64 (1:9.11.5.P4+dfsg-5.1+deb10u5, automatic), dnsutils:amd64 (1:9.11.5.P4+dfsg-5.1+deb10u5), geoip-database:amd64 (20181108-1, automatic), libisc1100:amd64 (1:9.11.5.P4+dfsg-5.1+deb10u5, automatic), liblmdb0:amd64 (0.9.22-1, automatic), libgeoip1:amd64 (1.6.12-1, automatic), liblwres161:amd64 (1:9.11.5.P4+dfsg-5.1+deb10u5, automatic), libprotobuf-c1:amd64 (1.3.1-1+b1, automatic), libisccc161:amd64 (1:9.11.5.P4+dfsg-5.1+deb10u5, automatic), libbind9-161:amd64 (1:9.11.5.P4+dfsg-5.1+deb10u5, automatic), libdns1104:amd64 (1:9.11.5.P4+dfsg-5.1+deb10u5, automatic)
End-Date: 2021-08-12  22:10:58

Start-Date: 2021-08-14  17:48:04
Commandline: apt install screen
Requested-By: adobrin (1000)
Install: screen:amd64 (4.6.2-3+deb10u1), libutempter0:amd64 (1.1.6-3, automatic)
End-Date: 2021-08-14  17:48:29

Start-Date: 2021-08-17  17:30:20
Commandline: apt install locate
Requested-By: adobrin (1000)
Install: locate:amd64 (4.6.0+git+20190209-2)
End-Date: 2021-08-17  17:30:31

Start-Date: 2021-08-19  09:22:33
Commandline: apt install binutils
Requested-By: adobrin (1000)
Install: binutils:amd64 (2.31.1-16), binutils-x86-64-linux-gnu:amd64 (2.31.1-16, automatic), binutils-common:amd64 (2.31.1-16, automatic), libbinutils:amd64 (2.31.1-16, automatic)
End-Date: 2021-08-19  09:23:20

Start-Date: 2021-08-19  09:51:31
Commandline: apt install binutils-dev binutils binutils-for-build
Requested-By: adobrin (1000)
Install: binutils-dev:amd64 (2.31.1-16), binutils-for-build:amd64 (2.31.1-16)
End-Date: 2021-08-19  09:51:40

Start-Date: 2021-08-19  09:53:42
Commandline: apt upgrade
Requested-By: adobrin (1000)
Upgrade: libpython3.7-minimal:amd64 (3.7.3-2+deb10u2, 3.7.3-2+deb10u3), libwebp6:amd64 (0.6.1-2, 0.6.1-2+deb10u1), libopenjp2-7:amd64 (2.3.0-2+deb10u1, 2.3.0-2+deb10u2), libcurl4:amd64 (7.64.0-4+deb10u1, 7.64.0-4+deb10u2), libapt-inst2.0:amd64 (1.8.2.2, 1.8.2.3), openssl:amd64 (1.1.1d-0+deb10u5, 1.1.1d-0+deb10u6), apt:amd64 (1.8.2.2, 1.8.2.3), libbsd0:amd64 (0.9.1-2, 0.9.1-2+deb10u1), libavahi-common-data:amd64 (0.7-4+b1, 0.7-4+deb10u1), libavahi-common3:amd64 (0.7-4+b1, 0.7-4+deb10u1), python3.7:amd64 (3.7.3-2+deb10u2, 3.7.3-2+deb10u3), isc-dhcp-common:amd64 (4.4.1-2, 4.4.1-2+deb10u1), libisc-export1100:amd64 (1:9.11.5.P4+dfsg-5.1+deb10u3, 1:9.11.5.P4+dfsg-5.1+deb10u5), libapt-pkg5.0:amd64 (1.8.2.2, 1.8.2.3), libx11-6:amd64 (2:1.6.7-1+deb10u1, 2:1.6.7-1+deb10u2), libpython3.7-stdlib:amd64 (3.7.3-2+deb10u2, 3.7.3-2+deb10u3), python3.7-minimal:amd64 (3.7.3-2+deb10u2, 3.7.3-2+deb10u3), groff-base:amd64 (1.22.4-3, 1.22.4-3+deb10u1), libgcrypt20:amd64 (1.8.4-5, 1.8.4-5+deb10u1), libglib2.0-bin:amd64 (2.58.3-2+deb10u2, 2.58.3-2+deb10u3), liblz4-1:amd64 (1.8.3-1, 1.8.3-1+deb10u1), libwebpmux3:amd64 (0.6.1-2, 0.6.1-2+deb10u1), libx11-data:amd64 (2:1.6.7-1+deb10u1, 2:1.6.7-1+deb10u2), libdns-export1104:amd64 (1:9.11.5.P4+dfsg-5.1+deb10u3, 1:9.11.5.P4+dfsg-5.1+deb10u5), iputils-ping:amd64 (3:20180629-2+deb10u1, 3:20180629-2+deb10u2), libglib2.0-data:amd64 (2.58.3-2+deb10u2, 2.58.3-2+deb10u3), libxml2:amd64 (2.9.4+dfsg1-7+deb10u1, 2.9.4+dfsg1-7+deb10u2), libgnutls30:amd64 (3.6.7-4+deb10u6, 3.6.7-4+deb10u7), apt-transport-https:amd64 (1.8.2.2, 1.8.2.3), libssl1.1:amd64 (1.1.1d-0+deb10u5, 1.1.1d-0+deb10u6), libavahi-client3:amd64 (0.7-4+b1, 0.7-4+deb10u1), curl:amd64 (7.64.0-4+deb10u1, 7.64.0-4+deb10u2), isc-dhcp-client:amd64 (4.4.1-2, 4.4.1-2+deb10u1), libglib2.0-0:amd64 (2.58.3-2+deb10u2, 2.58.3-2+deb10u3), debian-archive-keyring:amd64 (2019.1, 2019.1+deb10u1), libcurl3-gnutls:amd64 (7.64.0-4+deb10u1, 7.64.0-4+deb10u2), libx11-xcb1:amd64 (2:1.6.7-1+deb10u1, 2:1.6.7-1+deb10u2), base-files:amd64 (10.3+deb10u8, 10.3+deb10u10)
End-Date: 2021-08-19  09:57:41

Start-Date: 2021-08-19  09:58:41
Commandline: apt install sshfs
Requested-By: adobrin (1000)
Install: sshfs:amd64 (2.10+repack-2)
End-Date: 2021-08-19  09:58:46

Start-Date: 2021-08-19  14:57:40
Commandline: apt install cvs
Requested-By: adobrin (1000)
Install: cvs:amd64 (2:1.12.13+real-27)
End-Date: 2021-08-19  14:57:51

Start-Date: 2021-08-19  14:58:08
Commandline: apt install subversion
Requested-By: adobrin (1000)
Install: libserf-1-1:amd64 (1.3.9-7+b10, automatic), libaprutil1:amd64 (1.6.1-4, automatic), libutf8proc2:amd64 (2.3.0-1, automatic), libsvn1:amd64 (1.10.4-1+deb10u2, automatic), libapr1:amd64 (1.6.5-1+b1, automatic), subversion:amd64 (1.10.4-1+deb10u2)
End-Date: 2021-08-19  14:58:34

Start-Date: 2021-08-19  18:59:50
Commandline: apt install nano
Requested-By: adobrin (1000)
Install: nano:amd64 (3.2-3)
End-Date: 2021-08-19  19:00:04

Start-Date: 2021-08-19  22:43:08
Commandline: apt install fscrypt
Requested-By: adobrin (1000)
Install: fscrypt:amd64 (0.2.4-2+b10)
End-Date: 2021-08-19  22:43:13

Start-Date: 2021-08-20  06:08:15
Commandline: apt-get install fscrypt libpam-fscrypt
Requested-By: adobrin (1000)
Install: libpam-fscrypt:amd64 (0.2.4-2+b10)
End-Date: 2021-08-20  06:08:20

Start-Date: 2021-08-20  06:15:16
Commandline: apt install keyutils
Requested-By: adobrin (1000)
Install: keyutils:amd64 (1.6-6)
End-Date: 2021-08-20  06:15:23

Start-Date: 2021-08-20  06:18:30
Commandline: apt install ./keybase_amd64.deb
Requested-By: adobrin (1000)
Install: gconf2-common:amd64 (3.2.6-5, automatic), libindicator7:amd64 (0.5.0-4, automatic), keybase:amd64 (5.7.1-20210623205749.763227b4c6), libdbusmenu-glib4:amd64 (18.10.20180917~bzr490+repack1-1, automatic), lsof:amd64 (4.91+dfsg-1, automatic), gconf-service:amd64 (3.2.6-5, automatic), libdbusmenu-gtk4:amd64 (18.10.20180917~bzr490+repack1-1, automatic), libdbus-glib-1-2:amd64 (0.110-4, automatic), libappindicator1:amd64 (0.4.92-7, automatic), libnss3:amd64 (2:3.42.1-1+deb10u3, automatic), libgconf-2-4:amd64 (3.2.6-5, automatic), libnspr4:amd64 (2:4.20-1, automatic)
End-Date: 2021-08-20  06:23:02

Start-Date: 2021-08-20  10:38:54
Commandline: apt install rsync
Requested-By: adobrin (1000)
Install: libpopt0:amd64 (1.16-12, automatic), rsync:amd64 (3.1.3-6)
End-Date: 2021-08-20  10:39:16
